<?xml version="1.0" encoding="UTF-8"?>
<!-- Generated by org.testng.reporters.JUnitReportReporter -->
<testsuite hostname="Umesh" failures="0" tests="6" name="com.testcases.DayThreeBeforeAfterMethod" time="19.855" errors="0" timestamp="2024-08-30T08:53:24 IST" skipped="0">
  <testcase classname="com.testcases.DayThreeBeforeAfterMethod" name="validateLogicbuttonText" time="3.422"/>
  <testcase classname="com.testcases.DayThreeBeforeAfterMethod" name="verifyPageTitle" time="3.464"/>
  <testcase classname="com.testcases.DayThreeBeforeAfterMethod" name="verifyLogicButtonDisplay" time="3.358"/>
  <testcase classname="com.testcases.DayThreeBeforeAfterMethod" name="verifyLogicButtonDisplay" time="3.154"/>
  <testcase classname="com.testcases.DayThreeBeforeAfterMethod" name="validateLogicbuttonText" time="3.401"/>
  <testcase classname="com.testcases.DayThreeBeforeAfterMethod" name="verifyPageTitle" time="3.056"/>
</testsuite> <!-- com.testcases.DayThreeBeforeAfterMethod -->
