<?xml version="1.0" encoding="UTF-8"?>
<!-- Generated by org.testng.reporters.JUnitReportReporter -->
<testsuite hostname="Umesh" failures="0" tests="3" name="com.testcases.ParamaterAnnotaion" time="27.503" errors="0" timestamp="2024-09-17T09:00:44 IST" skipped="0">
  <testcase classname="com.testcases.ParamaterAnnotaion" name="getData" time="10.592"/>
  <testcase classname="com.testcases.ParamaterAnnotaion" name="getData" time="7.577"/>
  <testcase classname="com.testcases.ParamaterAnnotaion" name="getData" time="9.334"/>
</testsuite> <!-- com.testcases.ParamaterAnnotaion -->
