<?xml version="1.0" encoding="UTF-8"?>
<!-- Generated by org.testng.reporters.JUnitReportReporter -->
<testsuite hostname="Umesh" failures="0" tests="3" name="dayfive.DayFiveTestTwo" time="0.013" errors="0" timestamp="2024-09-03T17:30:35 IST" skipped="0">
  <testcase classname="dayfive.DayFiveTestTwo" name="validateLogicbuttonText" time="0.009"/>
  <testcase classname="dayfive.DayFiveTestTwo" name="verifyLogicButtonDisplay" time="0.002"/>
  <testcase classname="dayfive.DayFiveTestTwo" name="verifyPageTitle" time="0.002"/>
</testsuite> <!-- dayfive.DayFiveTestTwo -->
