<?xml version="1.0" encoding="UTF-8"?>
<!-- Generated by org.testng.reporters.JUnitReportReporter -->
<testsuite hostname="Umesh" failures="0" tests="1" name="com.extendsreports.ExtendsReports" time="0.526" errors="0" timestamp="2024-09-08T13:22:48 IST" skipped="0">
  <testcase classname="com.extendsreports.ExtendsReports" name="main" time="0.526"/>
</testsuite> <!-- com.extendsreports.ExtendsReports -->
