<?xml version="1.0" encoding="UTF-8"?>
<!-- Generated by org.testng.reporters.JUnitReportReporter -->
<testsuite hostname="Umesh" failures="0" tests="3" name="com.testcases.DayFourBeforeClassAnnotationExample" time="0.076" errors="0" timestamp="2024-09-06T09:02:00 IST" skipped="1">
  <testcase classname="com.testcases.DayFourBeforeClassAnnotationExample" name="verifyPageTitle" time="0.013"/>
  <testcase classname="com.testcases.DayFourBeforeClassAnnotationExample" name="verifyLogicButtonDisplay" time="0.063"/>
  <testcase classname="com.testcases.DayFourBeforeClassAnnotationExample" name="validateLogicbuttonText">
    <skipped/>
  </testcase> <!-- validateLogicbuttonText -->
</testsuite> <!-- com.testcases.DayFourBeforeClassAnnotationExample -->
