<?xml version="1.0" encoding="UTF-8"?>
<!-- Generated by org.testng.reporters.JUnitReportReporter -->
<testsuite hostname="Umesh" failures="0" tests="1" name="com.parameter.ParameterAnnotations" time="0.010" errors="0" timestamp="2024-09-17T08:31:20 IST" skipped="0">
  <testcase classname="com.parameter.ParameterAnnotations" name="test" time="0.010"/>
</testsuite> <!-- com.parameter.ParameterAnnotations -->
