<?xml version="1.0" encoding="UTF-8"?>
<!-- Generated by org.testng.reporters.JUnitReportReporter -->
<testsuite hostname="DESKTOP-PSI8FCH" failures="0" tests="4" name="com.testcases.VerifyLoginPage" time="1.498" errors="0" timestamp="2022-04-08T02:37:42 IST" skipped="0">
  <testcase classname="com.testcases.VerifyLoginPage" name="TC001_VerifyLogin" time="0.384"/>
  <system-out/>
  <testcase classname="com.testcases.VerifyLoginPage" name="TC002_AddToCart" time="0.237"/>
  <system-out/>
  <testcase classname="com.testcases.VerifyLoginPage" name="TC003_CheckoutProduct" time="0.538"/>
  <system-out/>
  <testcase classname="com.testcases.VerifyLoginPage" name="TC004_VerifyLogout" time="0.339"/>
  <system-out/>
</testsuite> <!-- com.testcases.VerifyLoginPage -->
