<?xml version="1.0" encoding="UTF-8"?>
<!-- Generated by org.testng.reporters.JUnitReportReporter -->
<testsuite hostname="Umesh" failures="0" tests="10" name="dayfive.DataProviderAnnotaion" time="0.024" errors="0" timestamp="2024-09-04T09:01:02 IST" skipped="0">
  <testcase classname="dayfive.DataProviderAnnotaion" name="invocationCount" time="0.002"/>
  <testcase classname="dayfive.DataProviderAnnotaion" name="invocationCount" time="0.001"/>
  <testcase classname="dayfive.DataProviderAnnotaion" name="invocationCount" time="0.002"/>
  <testcase classname="dayfive.DataProviderAnnotaion" name="invocationCount" time="0.001"/>
  <testcase classname="dayfive.DataProviderAnnotaion" name="invocationCount" time="0.002"/>
  <testcase classname="dayfive.DataProviderAnnotaion" name="invocationCount" time="0.001"/>
  <testcase classname="dayfive.DataProviderAnnotaion" name="invocationCount" time="0.002"/>
  <testcase classname="dayfive.DataProviderAnnotaion" name="invocationCount" time="0.002"/>
  <testcase classname="dayfive.DataProviderAnnotaion" name="invocationCount" time="0.000"/>
  <testcase classname="dayfive.DataProviderAnnotaion" name="invocationCount" time="0.011"/>
</testsuite> <!-- dayfive.DataProviderAnnotaion -->
