<?xml version="1.0" encoding="UTF-8"?>
<!-- Generated by org.testng.reporters.JUnitReportReporter -->
<testsuite hostname="Umesh" failures="0" tests="3" name="dayfive.DayFiveTestThree" time="0.003" errors="0" timestamp="2024-09-03T17:30:35 IST" skipped="1">
  <testcase classname="dayfive.DayFiveTestThree" name="verifyLogicButtonDisplay" time="0.002"/>
  <testcase classname="dayfive.DayFiveTestThree" name="verifyPageTitle" time="0.001"/>
  <testcase classname="dayfive.DayFiveTestThree" name="validateLogicbuttonText">
    <skipped/>
  </testcase> <!-- validateLogicbuttonText -->
</testsuite> <!-- dayfive.DayFiveTestThree -->
