<?xml version="1.0" encoding="UTF-8"?>
<!-- Generated by org.testng.reporters.JUnitReportReporter -->
<testsuite hostname="Umesh" failures="0" tests="12" name="com.testcases.TestCases" time="16.538" errors="0" timestamp="2024-08-25T19:38:23 IST" skipped="0">
  <testcase classname="com.testcases.TestCases" name="TC_01" time="0.560"/>
  <testcase classname="com.testcases.TestCases" name="TC_01" time="2.065"/>
  <testcase classname="com.testcases.TestCases" name="TC_01" time="1.499"/>
  <testcase classname="com.testcases.TestCases" name="TC_02" time="0.807"/>
  <testcase classname="com.testcases.TestCases" name="TC_02" time="2.071"/>
  <testcase classname="com.testcases.TestCases" name="TC_02" time="1.563"/>
  <testcase classname="com.testcases.TestCases" name="TC_03" time="0.868"/>
  <testcase classname="com.testcases.TestCases" name="TC_03" time="3.048"/>
  <testcase classname="com.testcases.TestCases" name="TC_03" time="2.329"/>
  <testcase classname="com.testcases.TestCases" name="TC_04" time="0.490"/>
  <testcase classname="com.testcases.TestCases" name="TC_04" time="0.502"/>
  <testcase classname="com.testcases.TestCases" name="TC_04" time="0.736"/>
</testsuite> <!-- com.testcases.TestCases -->
