<?xml version="1.0" encoding="UTF-8"?>
<!-- Generated by org.testng.reporters.JUnitReportReporter -->
<testsuite hostname="Umesh" failures="0" tests="3" name="com.testcases.TestNGDemo" time="0.019" errors="0" timestamp="2024-08-29T08:43:19 IST" skipped="0">
  <testcase classname="com.testcases.TestNGDemo" name="helloWorld" time="0.014"/>
  <testcase classname="com.testcases.TestNGDemo" name="apple" time="0.003"/>
  <testcase classname="com.testcases.TestNGDemo" name="car" time="0.002"/>
</testsuite> <!-- com.testcases.TestNGDemo -->
