<?xml version="1.0" encoding="UTF-8"?>
<!-- Generated by org.testng.reporters.JUnitReportReporter -->
<testsuite hostname="DESKTOP-PSI8FCH" failures="0" tests="1" name="com.testcases.Test11" time="0.007" errors="0" timestamp="2022-04-08T03:04:12 IST" skipped="0">
  <testcase classname="com.testcases.Test11" name="test" time="0.007"/>
  <system-out/>
</testsuite> <!-- com.testcases.Test11 -->
