<?xml version="1.0" encoding="UTF-8"?>
<!-- Generated by org.testng.reporters.JUnitReportReporter -->
<testsuite hostname="Umesh" failures="0" tests="3" name="com.testcases.DayTowPriority" time="0.008" errors="0" timestamp="2024-08-30T08:53:24 IST" skipped="0">
  <testcase classname="com.testcases.DayTowPriority" name="helloWorld" time="0.004"/>
  <testcase classname="com.testcases.DayTowPriority" name="apple" time="0.002"/>
  <testcase classname="com.testcases.DayTowPriority" name="car" time="0.002"/>
</testsuite> <!-- com.testcases.DayTowPriority -->
