<?xml version="1.0" encoding="UTF-8"?>
<!-- Generated by org.testng.reporters.JUnitReportReporter -->
<testsuite hostname="Umesh" failures="0" tests="4" name="com.testcases.DayFourTestNgAnnotations" time="0.031" errors="0" timestamp="2024-08-30T08:40:06 IST" skipped="0">
  <testcase classname="com.testcases.DayFourTestNgAnnotations" name="car" time="0.005"/>
  <testcase classname="com.testcases.DayFourTestNgAnnotations" name="test" time="0.005"/>
  <testcase classname="com.testcases.DayFourTestNgAnnotations" name="bike" time="0.015"/>
  <testcase classname="com.testcases.DayFourTestNgAnnotations" name="demo" time="0.006"/>
</testsuite> <!-- com.testcases.DayFourTestNgAnnotations -->
