<?xml version="1.0" encoding="UTF-8"?>
<!-- Generated by org.testng.reporters.JUnitReportReporter -->
<testsuite hostname="Umesh" failures="0" tests="3" name="com.testcases.BeforeAfterMethod" time="10.331" errors="0" timestamp="2024-08-29T09:08:21 IST" skipped="0">
  <testcase classname="com.testcases.BeforeAfterMethod" name="validateLogicbuttonText" time="3.133"/>
  <testcase classname="com.testcases.BeforeAfterMethod" name="verifyLogicButtonDisplay" time="4.247"/>
  <testcase classname="com.testcases.BeforeAfterMethod" name="verifyPageTitle" time="2.951"/>
</testsuite> <!-- com.testcases.BeforeAfterMethod -->
